<?xml version="1.0" encoding="UTF-8"?>
<robot generator="Robot 6.1.1 (Python 3.12.1 on win32)" generated="20240327 12:50:30.073" rpa="false" schemaversion="4">
<suite id="s1" name="Crm2" source="C:\Development\Robotscript\Firstscript\pythonProject1\tests\Crm2.robot">
<test id="s1-t1" name="OpenBrowsertestCase number1" line="11">
<kw name="Begin Web Test" library="Common" type="SETUP">
<kw name="Open Browser" library="SeleniumLibrary">
<arg>about:blank</arg>
<arg>chrome</arg>
<doc>Opens a new browser instance to the optional ``url``.</doc>
<msg timestamp="20240327 12:50:30.431" level="INFO">Opening browser 'chrome' to base url 'about:blank'.</msg>
<status status="PASS" starttime="20240327 12:50:30.430" endtime="20240327 12:50:33.821"/>
</kw>
<status status="PASS" starttime="20240327 12:50:30.430" endtime="20240327 12:50:33.821"/>
</kw>
<kw name="User can login" library="CrmApp">
<kw name="Go To" library="SeleniumLibrary">
<arg>https://automationplayground.com/crm/</arg>
<doc>Navigates the current browser window to the provided ``url``.</doc>
<msg timestamp="20240327 12:50:33.824" level="INFO">Opening url 'https://automationplayground.com/crm/'</msg>
<status status="PASS" starttime="20240327 12:50:33.823" endtime="20240327 12:50:36.104"/>
</kw>
<kw name="Click Link" library="SeleniumLibrary">
<arg>Sign In</arg>
<doc>Clicks a link identified by ``locator``.</doc>
<msg timestamp="20240327 12:50:36.105" level="INFO">Clicking link 'Sign In'.</msg>
<status status="PASS" starttime="20240327 12:50:36.104" endtime="20240327 12:50:36.682"/>
</kw>
<kw name="Page Should Contain" library="SeleniumLibrary">
<arg>Login</arg>
<doc>Verifies that current page contains ``text``.</doc>
<msg timestamp="20240327 12:50:36.707" level="INFO">Current page contains text 'Login'.</msg>
<status status="PASS" starttime="20240327 12:50:36.682" endtime="20240327 12:50:36.707"/>
</kw>
<kw name="Input Text" library="SeleniumLibrary">
<arg>id=email-id</arg>
<arg>admin@robotframeworktutorial.com</arg>
<doc>Types the given ``text`` into the text field identified by ``locator``.</doc>
<msg timestamp="20240327 12:50:36.708" level="INFO">Typing text 'admin@robotframeworktutorial.com' into text field 'id=email-id'.</msg>
<status status="PASS" starttime="20240327 12:50:36.707" endtime="20240327 12:50:36.888"/>
</kw>
<kw name="Input Text" library="SeleniumLibrary">
<arg>id=password</arg>
<arg>qwe</arg>
<doc>Types the given ``text`` into the text field identified by ``locator``.</doc>
<msg timestamp="20240327 12:50:36.889" level="INFO">Typing text 'qwe' into text field 'id=password'.</msg>
<status status="PASS" starttime="20240327 12:50:36.888" endtime="20240327 12:50:37.022"/>
</kw>
<kw name="Click Button" library="SeleniumLibrary">
<arg>Submit</arg>
<doc>Clicks the button identified by ``locator``.</doc>
<msg timestamp="20240327 12:50:37.023" level="INFO">Clicking button 'Submit'.</msg>
<status status="PASS" starttime="20240327 12:50:37.022" endtime="20240327 12:50:37.301"/>
</kw>
<kw name="Wait Until Page Contains" library="SeleniumLibrary">
<arg>Our Happy Customers</arg>
<doc>Waits until ``text`` appears on the current page.</doc>
<status status="PASS" starttime="20240327 12:50:37.301" endtime="20240327 12:50:37.830"/>
</kw>
<status status="PASS" starttime="20240327 12:50:33.822" endtime="20240327 12:50:37.830"/>
</kw>
<kw name="add new user" library="CrmApp">
<kw name="Click Link" library="SeleniumLibrary">
<arg>id=new-customer</arg>
<doc>Clicks a link identified by ``locator``.</doc>
<msg timestamp="20240327 12:50:37.833" level="INFO">Clicking link 'id=new-customer'.</msg>
<status status="PASS" starttime="20240327 12:50:37.832" endtime="20240327 12:50:38.416"/>
</kw>
<kw name="Input Text" library="SeleniumLibrary">
<arg>id=EmailAddress</arg>
<arg>dina@robotframeworktutorial.com</arg>
<doc>Types the given ``text`` into the text field identified by ``locator``.</doc>
<msg timestamp="20240327 12:50:38.417" level="INFO">Typing text 'dina@robotframeworktutorial.com' into text field 'id=EmailAddress'.</msg>
<status status="PASS" starttime="20240327 12:50:38.416" endtime="20240327 12:50:38.596"/>
</kw>
<kw name="Input Text" library="SeleniumLibrary">
<arg>id=FirstName</arg>
<arg>dina</arg>
<doc>Types the given ``text`` into the text field identified by ``locator``.</doc>
<msg timestamp="20240327 12:50:38.597" level="INFO">Typing text 'dina' into text field 'id=FirstName'.</msg>
<status status="PASS" starttime="20240327 12:50:38.597" endtime="20240327 12:50:38.726"/>
</kw>
<kw name="Input Text" library="SeleniumLibrary">
<arg>id=LastName</arg>
<arg>Ahmed</arg>
<doc>Types the given ``text`` into the text field identified by ``locator``.</doc>
<msg timestamp="20240327 12:50:38.726" level="INFO">Typing text 'Ahmed' into text field 'id=LastName'.</msg>
<status status="PASS" starttime="20240327 12:50:38.726" endtime="20240327 12:50:38.852"/>
</kw>
<kw name="Input Text" library="SeleniumLibrary">
<arg>id=City</arg>
<arg>alex</arg>
<doc>Types the given ``text`` into the text field identified by ``locator``.</doc>
<msg timestamp="20240327 12:50:38.852" level="INFO">Typing text 'alex' into text field 'id=City'.</msg>
<status status="PASS" starttime="20240327 12:50:38.852" endtime="20240327 12:50:38.975"/>
</kw>
<kw name="Select From List By Value" library="SeleniumLibrary">
<arg>name=state</arg>
<arg>AR</arg>
<doc>Selects options from selection list ``locator`` by ``values``.</doc>
<msg timestamp="20240327 12:50:38.976" level="INFO">Selecting options from selection list 'name=state' by value AR.</msg>
<status status="PASS" starttime="20240327 12:50:38.975" endtime="20240327 12:50:39.100"/>
</kw>
<kw name="Select Radio Button" library="SeleniumLibrary">
<arg>gender</arg>
<arg>female</arg>
<doc>Sets the radio button group ``group_name`` to ``value``.</doc>
<msg timestamp="20240327 12:50:39.100" level="INFO">Selecting 'female' from radio button 'gender'.</msg>
<status status="PASS" starttime="20240327 12:50:39.100" endtime="20240327 12:50:39.191"/>
</kw>
<kw name="Select Checkbox" library="SeleniumLibrary">
<arg>name=promos-name</arg>
<doc>Selects the checkbox identified by ``locator``.</doc>
<msg timestamp="20240327 12:50:39.191" level="INFO">Selecting checkbox 'name=promos-name'.</msg>
<status status="PASS" starttime="20240327 12:50:39.191" endtime="20240327 12:50:39.369"/>
</kw>
<kw name="Click Button" library="SeleniumLibrary">
<arg>Submit</arg>
<doc>Clicks the button identified by ``locator``.</doc>
<msg timestamp="20240327 12:50:39.370" level="INFO">Clicking button 'Submit'.</msg>
<status status="PASS" starttime="20240327 12:50:39.369" endtime="20240327 12:50:39.621"/>
</kw>
<kw name="Sleep" library="BuiltIn">
<arg>3s</arg>
<doc>Pauses the test executed for the given time.</doc>
<msg timestamp="20240327 12:50:42.622" level="INFO">Slept 3 seconds</msg>
<status status="PASS" starttime="20240327 12:50:39.621" endtime="20240327 12:50:42.622"/>
</kw>
<status status="PASS" starttime="20240327 12:50:37.831" endtime="20240327 12:50:42.622"/>
</kw>
<kw name="End Web Test" library="Common" type="TEARDOWN">
<kw name="Close Browser" library="SeleniumLibrary">
<doc>Closes the current browser.</doc>
<status status="PASS" starttime="20240327 12:50:42.623" endtime="20240327 12:50:44.878"/>
</kw>
<status status="PASS" starttime="20240327 12:50:42.623" endtime="20240327 12:50:44.878"/>
</kw>
<doc>Testing Crm website</doc>
<tag>Smoke 001</tag>
<status status="PASS" starttime="20240327 12:50:30.429" endtime="20240327 12:50:44.879"/>
</test>
<doc>this is my first script using robotframework</doc>
<status status="PASS" starttime="20240327 12:50:30.075" endtime="20240327 12:50:44.881"/>
</suite>
<statistics>
<total>
<stat pass="1" fail="0" skip="0">All Tests</stat>
</total>
<tag>
<stat pass="1" fail="0" skip="0">Smoke 001</stat>
</tag>
<suite>
<stat pass="1" fail="0" skip="0" id="s1" name="Crm2">Crm2</stat>
</suite>
</statistics>
<errors>
</errors>
</robot>
